  LexAnaliz.cpp
d:\gmp-2019\gmp-2019\lexanaliz.cpp(275): warning C4244: =: преобразование "__int64" в "unsigned short", возможна потеря данных
d:\gmp-2019\gmp-2019\lexanaliz.cpp(85): warning C4996: '_mbscpy': This function or variable may be unsafe. Consider using _mbscpy_s instead. To disable deprecation, use _CRT_SECURE_NO_WARNINGS. See online help for details.
  d:\windows kits\10\include\10.0.17763.0\ucrt\mbstring.h(190): note:  см. объявление "_mbscpy"
d:\gmp-2019\gmp-2019\lexanaliz.cpp(120): warning C4996: '_mbscpy': This function or variable may be unsafe. Consider using _mbscpy_s instead. To disable deprecation, use _CRT_SECURE_NO_WARNINGS. See online help for details.
  d:\windows kits\10\include\10.0.17763.0\ucrt\mbstring.h(190): note:  см. объявление "_mbscpy"
d:\gmp-2019\gmp-2019\lexanaliz.cpp(158): warning C4996: '_mbscpy': This function or variable may be unsafe. Consider using _mbscpy_s instead. To disable deprecation, use _CRT_SECURE_NO_WARNINGS. See online help for details.
  d:\windows kits\10\include\10.0.17763.0\ucrt\mbstring.h(190): note:  см. объявление "_mbscpy"
d:\gmp-2019\gmp-2019\lexanaliz.cpp(159): warning C4996: '_mbscpy': This function or variable may be unsafe. Consider using _mbscpy_s instead. To disable deprecation, use _CRT_SECURE_NO_WARNINGS. See online help for details.
  d:\windows kits\10\include\10.0.17763.0\ucrt\mbstring.h(190): note:  см. объявление "_mbscpy"
d:\gmp-2019\gmp-2019\lexanaliz.cpp(170): warning C4996: '_mbscpy': This function or variable may be unsafe. Consider using _mbscpy_s instead. To disable deprecation, use _CRT_SECURE_NO_WARNINGS. See online help for details.
  d:\windows kits\10\include\10.0.17763.0\ucrt\mbstring.h(190): note:  см. объявление "_mbscpy"
d:\gmp-2019\gmp-2019\lexanaliz.cpp(199): warning C4996: '_mbscpy': This function or variable may be unsafe. Consider using _mbscpy_s instead. To disable deprecation, use _CRT_SECURE_NO_WARNINGS. See online help for details.
  d:\windows kits\10\include\10.0.17763.0\ucrt\mbstring.h(190): note:  см. объявление "_mbscpy"
d:\gmp-2019\gmp-2019\lexanaliz.cpp(200): warning C4996: '_mbscat': This function or variable may be unsafe. Consider using _mbscat_s instead. To disable deprecation, use _CRT_SECURE_NO_WARNINGS. See online help for details.
  d:\windows kits\10\include\10.0.17763.0\ucrt\mbstring.h(106): note:  см. объявление "_mbscat"
d:\gmp-2019\gmp-2019\lexanaliz.cpp(253): warning C4996: '_mbscpy': This function or variable may be unsafe. Consider using _mbscpy_s instead. To disable deprecation, use _CRT_SECURE_NO_WARNINGS. See online help for details.
  d:\windows kits\10\include\10.0.17763.0\ucrt\mbstring.h(190): note:  см. объявление "_mbscpy"
d:\gmp-2019\gmp-2019\lexanaliz.cpp(254): warning C4996: '_mbscpy': This function or variable may be unsafe. Consider using _mbscpy_s instead. To disable deprecation, use _CRT_SECURE_NO_WARNINGS. See online help for details.
  d:\windows kits\10\include\10.0.17763.0\ucrt\mbstring.h(190): note:  см. объявление "_mbscpy"
d:\gmp-2019\gmp-2019\lexanaliz.cpp(259): warning C4996: '_mbscpy': This function or variable may be unsafe. Consider using _mbscpy_s instead. To disable deprecation, use _CRT_SECURE_NO_WARNINGS. See online help for details.
  d:\windows kits\10\include\10.0.17763.0\ucrt\mbstring.h(190): note:  см. объявление "_mbscpy"
d:\gmp-2019\gmp-2019\lexanaliz.cpp(260): warning C4996: '_mbscpy': This function or variable may be unsafe. Consider using _mbscpy_s instead. To disable deprecation, use _CRT_SECURE_NO_WARNINGS. See online help for details.
  d:\windows kits\10\include\10.0.17763.0\ucrt\mbstring.h(190): note:  см. объявление "_mbscpy"
d:\gmp-2019\gmp-2019\lexanaliz.cpp(309): warning C4996: '_mbscpy': This function or variable may be unsafe. Consider using _mbscpy_s instead. To disable deprecation, use _CRT_SECURE_NO_WARNINGS. See online help for details.
  d:\windows kits\10\include\10.0.17763.0\ucrt\mbstring.h(190): note:  см. объявление "_mbscpy"
d:\gmp-2019\gmp-2019\lexanaliz.cpp(310): warning C4996: '_mbscat': This function or variable may be unsafe. Consider using _mbscat_s instead. To disable deprecation, use _CRT_SECURE_NO_WARNINGS. See online help for details.
  d:\windows kits\10\include\10.0.17763.0\ucrt\mbstring.h(106): note:  см. объявление "_mbscat"
d:\gmp-2019\gmp-2019\lexanaliz.cpp(311): warning C4996: '_mbscpy': This function or variable may be unsafe. Consider using _mbscpy_s instead. To disable deprecation, use _CRT_SECURE_NO_WARNINGS. See online help for details.
  d:\windows kits\10\include\10.0.17763.0\ucrt\mbstring.h(190): note:  см. объявление "_mbscpy"
d:\gmp-2019\gmp-2019\lexanaliz.cpp(312): warning C4996: '_mbscpy': This function or variable may be unsafe. Consider using _mbscpy_s instead. To disable deprecation, use _CRT_SECURE_NO_WARNINGS. See online help for details.
  d:\windows kits\10\include\10.0.17763.0\ucrt\mbstring.h(190): note:  см. объявление "_mbscpy"
d:\gmp-2019\gmp-2019\lexanaliz.cpp(330): warning C4996: '_mbscpy': This function or variable may be unsafe. Consider using _mbscpy_s instead. To disable deprecation, use _CRT_SECURE_NO_WARNINGS. See online help for details.
  d:\windows kits\10\include\10.0.17763.0\ucrt\mbstring.h(190): note:  см. объявление "_mbscpy"
d:\gmp-2019\gmp-2019\lexanaliz.cpp(337): warning C4996: '_mbscpy': This function or variable may be unsafe. Consider using _mbscpy_s instead. To disable deprecation, use _CRT_SECURE_NO_WARNINGS. See online help for details.
  d:\windows kits\10\include\10.0.17763.0\ucrt\mbstring.h(190): note:  см. объявление "_mbscpy"
d:\gmp-2019\gmp-2019\lexanaliz.cpp(338): warning C4996: '_mbscat': This function or variable may be unsafe. Consider using _mbscat_s instead. To disable deprecation, use _CRT_SECURE_NO_WARNINGS. See online help for details.
  d:\windows kits\10\include\10.0.17763.0\ucrt\mbstring.h(106): note:  см. объявление "_mbscat"
d:\gmp-2019\gmp-2019\lexanaliz.cpp(339): warning C4996: '_mbscpy': This function or variable may be unsafe. Consider using _mbscpy_s instead. To disable deprecation, use _CRT_SECURE_NO_WARNINGS. See online help for details.
  d:\windows kits\10\include\10.0.17763.0\ucrt\mbstring.h(190): note:  см. объявление "_mbscpy"
d:\gmp-2019\gmp-2019\lexanaliz.cpp(340): warning C4996: '_mbscpy': This function or variable may be unsafe. Consider using _mbscpy_s instead. To disable deprecation, use _CRT_SECURE_NO_WARNINGS. See online help for details.
  d:\windows kits\10\include\10.0.17763.0\ucrt\mbstring.h(190): note:  см. объявление "_mbscpy"
d:\gmp-2019\gmp-2019\lexanaliz.cpp(395): warning C4996: '_mbscpy': This function or variable may be unsafe. Consider using _mbscpy_s instead. To disable deprecation, use _CRT_SECURE_NO_WARNINGS. See online help for details.
  d:\windows kits\10\include\10.0.17763.0\ucrt\mbstring.h(190): note:  см. объявление "_mbscpy"
d:\gmp-2019\gmp-2019\lexanaliz.cpp(272): warning C4101: buf: неиспользованная локальная переменная
  GMP-2019.vcxproj -> D:\GMP-2019\Debug\GMP-2019.exe
